{
  "C:\\Users\\vntjoig\\Studies\\SleepQualityAnalyzer\\src\\components\\ParallaxBackground\\ParallaxBackground.js": {
    "path": "C:\\Users\\vntjoig\\Studies\\SleepQualityAnalyzer\\src\\components\\ParallaxBackground\\ParallaxBackground.js",
    "statementMap": {
      "0": {
        "start": {
          "line": 6,
          "column": 34
        },
        "end": {
          "line": 44,
          "column": 1
        }
      },
      "1": {
        "start": {
          "line": 7,
          "column": 15
        },
        "end": {
          "line": 10,
          "column": 3
        }
      },
      "2": {
        "start": {
          "line": 7,
          "column": 25
        },
        "end": {
          "line": 10,
          "column": 3
        }
      },
      "3": {
        "start": {
          "line": 11,
          "column": 17
        },
        "end": {
          "line": 11,
          "column": 67
        }
      },
      "4": {
        "start": {
          "line": 11,
          "column": 27
        },
        "end": {
          "line": 11,
          "column": 67
        }
      },
      "5": {
        "start": {
          "line": 12,
          "column": 17
        },
        "end": {
          "line": 12,
          "column": 76
        }
      },
      "6": {
        "start": {
          "line": 12,
          "column": 27
        },
        "end": {
          "line": 12,
          "column": 76
        }
      },
      "7": {
        "start": {
          "line": 13,
          "column": 17
        },
        "end": {
          "line": 13,
          "column": 77
        }
      },
      "8": {
        "start": {
          "line": 13,
          "column": 27
        },
        "end": {
          "line": 13,
          "column": 77
        }
      },
      "9": {
        "start": {
          "line": 14,
          "column": 17
        },
        "end": {
          "line": 14,
          "column": 69
        }
      },
      "10": {
        "start": {
          "line": 14,
          "column": 27
        },
        "end": {
          "line": 14,
          "column": 69
        }
      },
      "11": {
        "start": {
          "line": 16,
          "column": 23
        },
        "end": {
          "line": 19,
          "column": 5
        }
      },
      "12": {
        "start": {
          "line": 16,
          "column": 40
        },
        "end": {
          "line": 19,
          "column": 3
        }
      },
      "13": {
        "start": {
          "line": 21,
          "column": 2
        },
        "end": {
          "line": 43,
          "column": 4
        }
      },
      "14": {
        "start": {
          "line": 24,
          "column": 51
        },
        "end": {
          "line": 24,
          "column": 74
        }
      }
    },
    "fnMap": {
      "0": {
        "name": "(anonymous_0)",
        "decl": {
          "start": {
            "line": 6,
            "column": 34
          },
          "end": {
            "line": 6,
            "column": 35
          }
        },
        "loc": {
          "start": {
            "line": 6,
            "column": 40
          },
          "end": {
            "line": 44,
            "column": 1
          }
        },
        "line": 6
      },
      "1": {
        "name": "(anonymous_1)",
        "decl": {
          "start": {
            "line": 7,
            "column": 15
          },
          "end": {
            "line": 7,
            "column": 16
          }
        },
        "loc": {
          "start": {
            "line": 7,
            "column": 25
          },
          "end": {
            "line": 10,
            "column": 3
          }
        },
        "line": 7
      },
      "2": {
        "name": "(anonymous_2)",
        "decl": {
          "start": {
            "line": 11,
            "column": 17
          },
          "end": {
            "line": 11,
            "column": 18
          }
        },
        "loc": {
          "start": {
            "line": 11,
            "column": 27
          },
          "end": {
            "line": 11,
            "column": 67
          }
        },
        "line": 11
      },
      "3": {
        "name": "(anonymous_3)",
        "decl": {
          "start": {
            "line": 12,
            "column": 17
          },
          "end": {
            "line": 12,
            "column": 18
          }
        },
        "loc": {
          "start": {
            "line": 12,
            "column": 27
          },
          "end": {
            "line": 12,
            "column": 76
          }
        },
        "line": 12
      },
      "4": {
        "name": "(anonymous_4)",
        "decl": {
          "start": {
            "line": 13,
            "column": 17
          },
          "end": {
            "line": 13,
            "column": 18
          }
        },
        "loc": {
          "start": {
            "line": 13,
            "column": 27
          },
          "end": {
            "line": 13,
            "column": 77
          }
        },
        "line": 13
      },
      "5": {
        "name": "(anonymous_5)",
        "decl": {
          "start": {
            "line": 14,
            "column": 17
          },
          "end": {
            "line": 14,
            "column": 18
          }
        },
        "loc": {
          "start": {
            "line": 14,
            "column": 27
          },
          "end": {
            "line": 14,
            "column": 69
          }
        },
        "line": 14
      },
      "6": {
        "name": "(anonymous_6)",
        "decl": {
          "start": {
            "line": 16,
            "column": 33
          },
          "end": {
            "line": 16,
            "column": 34
          }
        },
        "loc": {
          "start": {
            "line": 16,
            "column": 40
          },
          "end": {
            "line": 19,
            "column": 3
          }
        },
        "line": 16
      },
      "7": {
        "name": "(anonymous_7)",
        "decl": {
          "start": {
            "line": 24,
            "column": 19
          },
          "end": {
            "line": 24,
            "column": 20
          }
        },
        "loc": {
          "start": {
            "line": 24,
            "column": 51
          },
          "end": {
            "line": 24,
            "column": 74
          }
        },
        "line": 24
      }
    },
    "branchMap": {},
    "s": {
      "0": 3,
      "1": 3,
      "2": 0,
      "3": 3,
      "4": 9,
      "5": 3,
      "6": 9,
      "7": 3,
      "8": 9,
      "9": 3,
      "10": 9,
      "11": 3,
      "12": 3,
      "13": 3,
      "14": 0
    },
    "f": {
      "0": 3,
      "1": 0,
      "2": 9,
      "3": 9,
      "4": 9,
      "5": 9,
      "6": 3,
      "7": 0
    },
    "b": {},
    "_coverageSchema": "43e27e138ebf9cfc5966b082cf9a028302ed4184",
    "hash": "f27d117db9462b05b408260677b857b5ba5f1b9b"
  },
  "C:\\Users\\vntjoig\\Studies\\SleepQualityAnalyzer\\src\\components\\DynamicMessageOutput\\DynamicMessageOutput.js": {
    "path": "C:\\Users\\vntjoig\\Studies\\SleepQualityAnalyzer\\src\\components\\DynamicMessageOutput\\DynamicMessageOutput.js",
    "statementMap": {
      "0": {
        "start": {
          "line": 4,
          "column": 17
        },
        "end": {
          "line": 17,
          "column": 1
        }
      },
      "1": {
        "start": {
          "line": 19,
          "column": 36
        },
        "end": {
          "line": 52,
          "column": 1
        }
      },
      "2": {
        "start": {
          "line": 20,
          "column": 27
        },
        "end": {
          "line": 22,
          "column": 3
        }
      },
      "3": {
        "start": {
          "line": 21,
          "column": 4
        },
        "end": {
          "line": 21,
          "column": 65
        }
      },
      "4": {
        "start": {
          "line": 24,
          "column": 48
        },
        "end": {
          "line": 24,
          "column": 58
        }
      },
      "5": {
        "start": {
          "line": 25,
          "column": 44
        },
        "end": {
          "line": 25,
          "column": 65
        }
      },
      "6": {
        "start": {
          "line": 27,
          "column": 2
        },
        "end": {
          "line": 49,
          "column": 48
        }
      },
      "7": {
        "start": {
          "line": 28,
          "column": 4
        },
        "end": {
          "line": 36,
          "column": 5
        }
      },
      "8": {
        "start": {
          "line": 29,
          "column": 6
        },
        "end": {
          "line": 35,
          "column": 8
        }
      },
      "9": {
        "start": {
          "line": 31,
          "column": 26
        },
        "end": {
          "line": 31,
          "column": 44
        }
      },
      "10": {
        "start": {
          "line": 32,
          "column": 10
        },
        "end": {
          "line": 32,
          "column": 31
        }
      },
      "11": {
        "start": {
          "line": 33,
          "column": 10
        },
        "end": {
          "line": 33,
          "column": 36
        }
      },
      "12": {
        "start": {
          "line": 38,
          "column": 4
        },
        "end": {
          "line": 42,
          "column": 5
        }
      },
      "13": {
        "start": {
          "line": 39,
          "column": 6
        },
        "end": {
          "line": 39,
          "column": 37
        }
      },
      "14": {
        "start": {
          "line": 40,
          "column": 6
        },
        "end": {
          "line": 40,
          "column": 27
        }
      },
      "15": {
        "start": {
          "line": 41,
          "column": 6
        },
        "end": {
          "line": 41,
          "column": 36
        }
      },
      "16": {
        "start": {
          "line": 44,
          "column": 4
        },
        "end": {
          "line": 48,
          "column": 6
        }
      },
      "17": {
        "start": {
          "line": 45,
          "column": 6
        },
        "end": {
          "line": 47,
          "column": 7
        }
      },
      "18": {
        "start": {
          "line": 46,
          "column": 8
        },
        "end": {
          "line": 46,
          "column": 39
        }
      },
      "19": {
        "start": {
          "line": 51,
          "column": 2
        },
        "end": {
          "line": 51,
          "column": 38
        }
      }
    },
    "fnMap": {
      "0": {
        "name": "(anonymous_0)",
        "decl": {
          "start": {
            "line": 19,
            "column": 36
          },
          "end": {
            "line": 19,
            "column": 37
          }
        },
        "loc": {
          "start": {
            "line": 19,
            "column": 76
          },
          "end": {
            "line": 52,
            "column": 1
          }
        },
        "line": 19
      },
      "1": {
        "name": "(anonymous_1)",
        "decl": {
          "start": {
            "line": 20,
            "column": 27
          },
          "end": {
            "line": 20,
            "column": 28
          }
        },
        "loc": {
          "start": {
            "line": 20,
            "column": 33
          },
          "end": {
            "line": 22,
            "column": 3
          }
        },
        "line": 20
      },
      "2": {
        "name": "(anonymous_2)",
        "decl": {
          "start": {
            "line": 27,
            "column": 12
          },
          "end": {
            "line": 27,
            "column": 13
          }
        },
        "loc": {
          "start": {
            "line": 27,
            "column": 18
          },
          "end": {
            "line": 49,
            "column": 3
          }
        },
        "line": 27
      },
      "3": {
        "name": "(anonymous_3)",
        "decl": {
          "start": {
            "line": 30,
            "column": 20
          },
          "end": {
            "line": 30,
            "column": 21
          }
        },
        "loc": {
          "start": {
            "line": 30,
            "column": 26
          },
          "end": {
            "line": 34,
            "column": 9
          }
        },
        "line": 30
      },
      "4": {
        "name": "(anonymous_4)",
        "decl": {
          "start": {
            "line": 44,
            "column": 11
          },
          "end": {
            "line": 44,
            "column": 12
          }
        },
        "loc": {
          "start": {
            "line": 44,
            "column": 17
          },
          "end": {
            "line": 48,
            "column": 5
          }
        },
        "line": 44
      }
    },
    "branchMap": {
      "0": {
        "loc": {
          "start": {
            "line": 19,
            "column": 52
          },
          "end": {
            "line": 19,
            "column": 69
          }
        },
        "type": "default-arg",
        "locations": [
          {
            "start": {
              "line": 19,
              "column": 64
            },
            "end": {
              "line": 19,
              "column": 69
            }
          }
        ],
        "line": 19
      },
      "1": {
        "loc": {
          "start": {
            "line": 28,
            "column": 4
          },
          "end": {
            "line": 36,
            "column": 5
          }
        },
        "type": "if",
        "locations": [
          {
            "start": {
              "line": 28,
              "column": 4
            },
            "end": {
              "line": 36,
              "column": 5
            }
          },
          {
            "start": {
              "line": 28,
              "column": 4
            },
            "end": {
              "line": 36,
              "column": 5
            }
          }
        ],
        "line": 28
      },
      "2": {
        "loc": {
          "start": {
            "line": 28,
            "column": 8
          },
          "end": {
            "line": 28,
            "column": 37
          }
        },
        "type": "binary-expr",
        "locations": [
          {
            "start": {
              "line": 28,
              "column": 8
            },
            "end": {
              "line": 28,
              "column": 24
            }
          },
          {
            "start": {
              "line": 28,
              "column": 28
            },
            "end": {
              "line": 28,
              "column": 37
            }
          }
        ],
        "line": 28
      },
      "3": {
        "loc": {
          "start": {
            "line": 38,
            "column": 4
          },
          "end": {
            "line": 42,
            "column": 5
          }
        },
        "type": "if",
        "locations": [
          {
            "start": {
              "line": 38,
              "column": 4
            },
            "end": {
              "line": 42,
              "column": 5
            }
          },
          {
            "start": {
              "line": 38,
              "column": 4
            },
            "end": {
              "line": 42,
              "column": 5
            }
          }
        ],
        "line": 38
      },
      "4": {
        "loc": {
          "start": {
            "line": 38,
            "column": 8
          },
          "end": {
            "line": 38,
            "column": 37
          }
        },
        "type": "binary-expr",
        "locations": [
          {
            "start": {
              "line": 38,
              "column": 8
            },
            "end": {
              "line": 38,
              "column": 23
            }
          },
          {
            "start": {
              "line": 38,
              "column": 27
            },
            "end": {
              "line": 38,
              "column": 37
            }
          }
        ],
        "line": 38
      },
      "5": {
        "loc": {
          "start": {
            "line": 45,
            "column": 6
          },
          "end": {
            "line": 47,
            "column": 7
          }
        },
        "type": "if",
        "locations": [
          {
            "start": {
              "line": 45,
              "column": 6
            },
            "end": {
              "line": 47,
              "column": 7
            }
          },
          {
            "start": {
              "line": 45,
              "column": 6
            },
            "end": {
              "line": 47,
              "column": 7
            }
          }
        ],
        "line": 45
      }
    },
    "s": {
      "0": 3,
      "1": 3,
      "2": 3,
      "3": 0,
      "4": 3,
      "5": 3,
      "6": 3,
      "7": 3,
      "8": 0,
      "9": 0,
      "10": 0,
      "11": 0,
      "12": 3,
      "13": 0,
      "14": 0,
      "15": 0,
      "16": 3,
      "17": 0,
      "18": 0,
      "19": 3
    },
    "f": {
      "0": 3,
      "1": 0,
      "2": 3,
      "3": 0,
      "4": 0
    },
    "b": {
      "0": [
        0
      ],
      "1": [
        0,
        3
      ],
      "2": [
        3,
        3
      ],
      "3": [
        0,
        3
      ],
      "4": [
        3,
        0
      ],
      "5": [
        0,
        0
      ]
    },
    "_coverageSchema": "43e27e138ebf9cfc5966b082cf9a028302ed4184",
    "hash": "70f102b4321ec72727249512426c294ae83d4611"
  },
  "C:\\Users\\vntjoig\\Studies\\SleepQualityAnalyzer\\src\\components\\Quiz\\store\\actions\\action.types.js": {
    "path": "C:\\Users\\vntjoig\\Studies\\SleepQualityAnalyzer\\src\\components\\Quiz\\store\\actions\\action.types.js",
    "statementMap": {
      "0": {
        "start": {
          "line": 1,
          "column": 25
        },
        "end": {
          "line": 1,
          "column": 36
        }
      },
      "1": {
        "start": {
          "line": 2,
          "column": 32
        },
        "end": {
          "line": 2,
          "column": 50
        }
      },
      "2": {
        "start": {
          "line": 3,
          "column": 33
        },
        "end": {
          "line": 3,
          "column": 52
        }
      },
      "3": {
        "start": {
          "line": 4,
          "column": 24
        },
        "end": {
          "line": 4,
          "column": 34
        }
      }
    },
    "fnMap": {},
    "branchMap": {},
    "s": {
      "0": 3,
      "1": 3,
      "2": 3,
      "3": 3
    },
    "f": {},
    "b": {},
    "_coverageSchema": "43e27e138ebf9cfc5966b082cf9a028302ed4184",
    "hash": "f79a59ace25e7f3d7b25c9f84cee184d438b756a"
  },
  "C:\\Users\\vntjoig\\Studies\\SleepQualityAnalyzer\\src\\components\\Quiz\\store\\actions\\action.creators.js": {
    "path": "C:\\Users\\vntjoig\\Studies\\SleepQualityAnalyzer\\src\\components\\Quiz\\store\\actions\\action.creators.js",
    "statementMap": {
      "0": {
        "start": {
          "line": 3,
          "column": 25
        },
        "end": {
          "line": 8,
          "column": 1
        }
      },
      "1": {
        "start": {
          "line": 4,
          "column": 2
        },
        "end": {
          "line": 7,
          "column": 4
        }
      },
      "2": {
        "start": {
          "line": 10,
          "column": 24
        },
        "end": {
          "line": 14,
          "column": 1
        }
      },
      "3": {
        "start": {
          "line": 11,
          "column": 2
        },
        "end": {
          "line": 13,
          "column": 4
        }
      },
      "4": {
        "start": {
          "line": 16,
          "column": 33
        },
        "end": {
          "line": 21,
          "column": 1
        }
      },
      "5": {
        "start": {
          "line": 17,
          "column": 2
        },
        "end": {
          "line": 20,
          "column": 4
        }
      }
    },
    "fnMap": {
      "0": {
        "name": "(anonymous_0)",
        "decl": {
          "start": {
            "line": 3,
            "column": 25
          },
          "end": {
            "line": 3,
            "column": 26
          }
        },
        "loc": {
          "start": {
            "line": 3,
            "column": 40
          },
          "end": {
            "line": 8,
            "column": 1
          }
        },
        "line": 3
      },
      "1": {
        "name": "(anonymous_1)",
        "decl": {
          "start": {
            "line": 10,
            "column": 24
          },
          "end": {
            "line": 10,
            "column": 25
          }
        },
        "loc": {
          "start": {
            "line": 10,
            "column": 30
          },
          "end": {
            "line": 14,
            "column": 1
          }
        },
        "line": 10
      },
      "2": {
        "name": "(anonymous_2)",
        "decl": {
          "start": {
            "line": 16,
            "column": 33
          },
          "end": {
            "line": 16,
            "column": 34
          }
        },
        "loc": {
          "start": {
            "line": 16,
            "column": 45
          },
          "end": {
            "line": 21,
            "column": 1
          }
        },
        "line": 16
      }
    },
    "branchMap": {},
    "s": {
      "0": 3,
      "1": 0,
      "2": 3,
      "3": 0,
      "4": 3,
      "5": 0
    },
    "f": {
      "0": 0,
      "1": 0,
      "2": 0
    },
    "b": {},
    "_coverageSchema": "43e27e138ebf9cfc5966b082cf9a028302ed4184",
    "hash": "bff808b701182336e4363ce0c299a5d92c1404c6"
  },
  "C:\\Users\\vntjoig\\Studies\\SleepQualityAnalyzer\\src\\store\\utility-actions\\utility.action.creators.js": {
    "path": "C:\\Users\\vntjoig\\Studies\\SleepQualityAnalyzer\\src\\store\\utility-actions\\utility.action.creators.js",
    "statementMap": {
      "0": {
        "start": {
          "line": 1,
          "column": 31
        },
        "end": {
          "line": 6,
          "column": 1
        }
      },
      "1": {
        "start": {
          "line": 2,
          "column": 2
        },
        "end": {
          "line": 5,
          "column": 4
        }
      }
    },
    "fnMap": {
      "0": {
        "name": "(anonymous_0)",
        "decl": {
          "start": {
            "line": 1,
            "column": 31
          },
          "end": {
            "line": 1,
            "column": 32
          }
        },
        "loc": {
          "start": {
            "line": 1,
            "column": 68
          },
          "end": {
            "line": 6,
            "column": 1
          }
        },
        "line": 1
      }
    },
    "branchMap": {},
    "s": {
      "0": 3,
      "1": 0
    },
    "f": {
      "0": 0
    },
    "b": {},
    "_coverageSchema": "43e27e138ebf9cfc5966b082cf9a028302ed4184",
    "hash": "4a53adf490a82f6f67f411f62608c3e3bf3136b2"
  },
  "C:\\Users\\vntjoig\\Studies\\SleepQualityAnalyzer\\src\\components\\Quiz\\store\\actions\\async.action.creators.js": {
    "path": "C:\\Users\\vntjoig\\Studies\\SleepQualityAnalyzer\\src\\components\\Quiz\\store\\actions\\async.action.creators.js",
    "statementMap": {
      "0": {
        "start": {
          "line": 6,
          "column": 36
        },
        "end": {
          "line": 14,
          "column": 1
        }
      },
      "1": {
        "start": {
          "line": 7,
          "column": 2
        },
        "end": {
          "line": 13,
          "column": 4
        }
      },
      "2": {
        "start": {
          "line": 8,
          "column": 4
        },
        "end": {
          "line": 8,
          "column": 66
        }
      },
      "3": {
        "start": {
          "line": 10,
          "column": 4
        },
        "end": {
          "line": 12,
          "column": 14
        }
      },
      "4": {
        "start": {
          "line": 11,
          "column": 6
        },
        "end": {
          "line": 11,
          "column": 52
        }
      }
    },
    "fnMap": {
      "0": {
        "name": "(anonymous_0)",
        "decl": {
          "start": {
            "line": 6,
            "column": 36
          },
          "end": {
            "line": 6,
            "column": 37
          }
        },
        "loc": {
          "start": {
            "line": 6,
            "column": 51
          },
          "end": {
            "line": 14,
            "column": 1
          }
        },
        "line": 6
      },
      "1": {
        "name": "(anonymous_1)",
        "decl": {
          "start": {
            "line": 7,
            "column": 9
          },
          "end": {
            "line": 7,
            "column": 10
          }
        },
        "loc": {
          "start": {
            "line": 7,
            "column": 23
          },
          "end": {
            "line": 13,
            "column": 3
          }
        },
        "line": 7
      },
      "2": {
        "name": "(anonymous_2)",
        "decl": {
          "start": {
            "line": 10,
            "column": 15
          },
          "end": {
            "line": 10,
            "column": 16
          }
        },
        "loc": {
          "start": {
            "line": 10,
            "column": 21
          },
          "end": {
            "line": 12,
            "column": 5
          }
        },
        "line": 10
      }
    },
    "branchMap": {},
    "s": {
      "0": 3,
      "1": 0,
      "2": 0,
      "3": 0,
      "4": 0
    },
    "f": {
      "0": 0,
      "1": 0,
      "2": 0
    },
    "b": {},
    "_coverageSchema": "43e27e138ebf9cfc5966b082cf9a028302ed4184",
    "hash": "f0886734c2e051ead305474ea37a3c8bfcd8fa4e"
  },
  "C:\\Users\\vntjoig\\Studies\\SleepQualityAnalyzer\\src\\components\\Quiz\\store\\actions\\actions.js": {
    "path": "C:\\Users\\vntjoig\\Studies\\SleepQualityAnalyzer\\src\\components\\Quiz\\store\\actions\\actions.js",
    "statementMap": {
      "0": {
        "start": {
          "line": 4,
          "column": 27
        },
        "end": {
          "line": 5,
          "column": 53
        }
      },
      "1": {
        "start": {
          "line": 5,
          "column": 2
        },
        "end": {
          "line": 5,
          "column": 53
        }
      },
      "2": {
        "start": {
          "line": 7,
          "column": 26
        },
        "end": {
          "line": 7,
          "column": 57
        }
      },
      "3": {
        "start": {
          "line": 7,
          "column": 32
        },
        "end": {
          "line": 7,
          "column": 57
        }
      },
      "4": {
        "start": {
          "line": 9,
          "column": 24
        },
        "end": {
          "line": 10,
          "column": 42
        }
      },
      "5": {
        "start": {
          "line": 10,
          "column": 2
        },
        "end": {
          "line": 10,
          "column": 42
        }
      }
    },
    "fnMap": {
      "0": {
        "name": "(anonymous_0)",
        "decl": {
          "start": {
            "line": 4,
            "column": 27
          },
          "end": {
            "line": 4,
            "column": 28
          }
        },
        "loc": {
          "start": {
            "line": 5,
            "column": 2
          },
          "end": {
            "line": 5,
            "column": 53
          }
        },
        "line": 5
      },
      "1": {
        "name": "(anonymous_1)",
        "decl": {
          "start": {
            "line": 7,
            "column": 26
          },
          "end": {
            "line": 7,
            "column": 27
          }
        },
        "loc": {
          "start": {
            "line": 7,
            "column": 32
          },
          "end": {
            "line": 7,
            "column": 57
          }
        },
        "line": 7
      },
      "2": {
        "name": "(anonymous_2)",
        "decl": {
          "start": {
            "line": 9,
            "column": 24
          },
          "end": {
            "line": 9,
            "column": 25
          }
        },
        "loc": {
          "start": {
            "line": 10,
            "column": 2
          },
          "end": {
            "line": 10,
            "column": 42
          }
        },
        "line": 10
      }
    },
    "branchMap": {},
    "s": {
      "0": 3,
      "1": 0,
      "2": 3,
      "3": 0,
      "4": 3,
      "5": 0
    },
    "f": {
      "0": 0,
      "1": 0,
      "2": 0
    },
    "b": {},
    "_coverageSchema": "43e27e138ebf9cfc5966b082cf9a028302ed4184",
    "hash": "db1ec58fafa2f79aed124deefdd52232553dcfe7"
  },
  "C:\\Users\\vntjoig\\Studies\\SleepQualityAnalyzer\\src\\components\\Quiz\\DefaultFormPage\\DefaultFormPage.js": {
    "path": "C:\\Users\\vntjoig\\Studies\\SleepQualityAnalyzer\\src\\components\\Quiz\\DefaultFormPage\\DefaultFormPage.js",
    "statementMap": {
      "0": {
        "start": {
          "line": 10,
          "column": 31
        },
        "end": {
          "line": 78,
          "column": 1
        }
      },
      "1": {
        "start": {
          "line": 11,
          "column": 19
        },
        "end": {
          "line": 11,
          "column": 32
        }
      },
      "2": {
        "start": {
          "line": 13,
          "column": 21
        },
        "end": {
          "line": 22,
          "column": 3
        }
      },
      "3": {
        "start": {
          "line": 24,
          "column": 20
        },
        "end": {
          "line": 26,
          "column": 3
        }
      },
      "4": {
        "start": {
          "line": 25,
          "column": 4
        },
        "end": {
          "line": 25,
          "column": 42
        }
      },
      "5": {
        "start": {
          "line": 28,
          "column": 2
        },
        "end": {
          "line": 77,
          "column": 4
        }
      }
    },
    "fnMap": {
      "0": {
        "name": "(anonymous_0)",
        "decl": {
          "start": {
            "line": 10,
            "column": 31
          },
          "end": {
            "line": 10,
            "column": 32
          }
        },
        "loc": {
          "start": {
            "line": 10,
            "column": 55
          },
          "end": {
            "line": 78,
            "column": 1
          }
        },
        "line": 10
      },
      "1": {
        "name": "(anonymous_1)",
        "decl": {
          "start": {
            "line": 24,
            "column": 20
          },
          "end": {
            "line": 24,
            "column": 21
          }
        },
        "loc": {
          "start": {
            "line": 24,
            "column": 32
          },
          "end": {
            "line": 26,
            "column": 3
          }
        },
        "line": 24
      }
    },
    "branchMap": {},
    "s": {
      "0": 3,
      "1": 3,
      "2": 3,
      "3": 3,
      "4": 0,
      "5": 3
    },
    "f": {
      "0": 3,
      "1": 0
    },
    "b": {},
    "_coverageSchema": "43e27e138ebf9cfc5966b082cf9a028302ed4184",
    "hash": "dd056e7b93b9976110eaf17570112f8f3e1878b2"
  },
  "C:\\Users\\vntjoig\\Studies\\SleepQualityAnalyzer\\src\\components\\Icons\\GhostIcon.js": {
    "path": "C:\\Users\\vntjoig\\Studies\\SleepQualityAnalyzer\\src\\components\\Icons\\GhostIcon.js",
    "statementMap": {
      "0": {
        "start": {
          "line": 5,
          "column": 14
        },
        "end": {
          "line": 59,
          "column": 1
        }
      },
      "1": {
        "start": {
          "line": 6,
          "column": 2
        },
        "end": {
          "line": 58,
          "column": 4
        }
      },
      "2": {
        "start": {
          "line": 61,
          "column": 25
        },
        "end": {
          "line": 61,
          "column": 73
        }
      },
      "3": {
        "start": {
          "line": 61,
          "column": 36
        },
        "end": {
          "line": 61,
          "column": 73
        }
      }
    },
    "fnMap": {
      "0": {
        "name": "(anonymous_0)",
        "decl": {
          "start": {
            "line": 5,
            "column": 14
          },
          "end": {
            "line": 5,
            "column": 15
          }
        },
        "loc": {
          "start": {
            "line": 5,
            "column": 20
          },
          "end": {
            "line": 59,
            "column": 1
          }
        },
        "line": 5
      },
      "1": {
        "name": "(anonymous_1)",
        "decl": {
          "start": {
            "line": 61,
            "column": 25
          },
          "end": {
            "line": 61,
            "column": 26
          }
        },
        "loc": {
          "start": {
            "line": 61,
            "column": 36
          },
          "end": {
            "line": 61,
            "column": 73
          }
        },
        "line": 61
      }
    },
    "branchMap": {},
    "s": {
      "0": 3,
      "1": 0,
      "2": 3,
      "3": 0
    },
    "f": {
      "0": 0,
      "1": 0
    },
    "b": {},
    "_coverageSchema": "43e27e138ebf9cfc5966b082cf9a028302ed4184",
    "hash": "d72cd3b54a7a120e000b7780ee2a8d92f290e751"
  },
  "C:\\Users\\vntjoig\\Studies\\SleepQualityAnalyzer\\src\\components\\Quiz\\MessageIconOnlyPage\\MessageIconOnlyPage.js": {
    "path": "C:\\Users\\vntjoig\\Studies\\SleepQualityAnalyzer\\src\\components\\Quiz\\MessageIconOnlyPage\\MessageIconOnlyPage.js",
    "statementMap": {
      "0": {
        "start": {
          "line": 11,
          "column": 35
        },
        "end": {
          "line": 50,
          "column": 1
        }
      },
      "1": {
        "start": {
          "line": 12,
          "column": 19
        },
        "end": {
          "line": 12,
          "column": 32
        }
      },
      "2": {
        "start": {
          "line": 14,
          "column": 22
        },
        "end": {
          "line": 21,
          "column": 4
        }
      },
      "3": {
        "start": {
          "line": 16,
          "column": 6
        },
        "end": {
          "line": 16,
          "column": 53
        }
      },
      "4": {
        "start": {
          "line": 16,
          "column": 16
        },
        "end": {
          "line": 16,
          "column": 53
        }
      },
      "5": {
        "start": {
          "line": 23,
          "column": 17
        },
        "end": {
          "line": 24,
          "column": 72
        }
      },
      "6": {
        "start": {
          "line": 23,
          "column": 24
        },
        "end": {
          "line": 24,
          "column": 72
        }
      },
      "7": {
        "start": {
          "line": 24,
          "column": 4
        },
        "end": {
          "line": 24,
          "column": 72
        }
      },
      "8": {
        "start": {
          "line": 26,
          "column": 2
        },
        "end": {
          "line": 49,
          "column": 4
        }
      },
      "9": {
        "start": {
          "line": 32,
          "column": 27
        },
        "end": {
          "line": 32,
          "column": 57
        }
      }
    },
    "fnMap": {
      "0": {
        "name": "(anonymous_0)",
        "decl": {
          "start": {
            "line": 11,
            "column": 35
          },
          "end": {
            "line": 11,
            "column": 36
          }
        },
        "loc": {
          "start": {
            "line": 11,
            "column": 57
          },
          "end": {
            "line": 50,
            "column": 1
          }
        },
        "line": 11
      },
      "1": {
        "name": "(anonymous_1)",
        "decl": {
          "start": {
            "line": 15,
            "column": 8
          },
          "end": {
            "line": 15,
            "column": 9
          }
        },
        "loc": {
          "start": {
            "line": 15,
            "column": 24
          },
          "end": {
            "line": 17,
            "column": 5
          }
        },
        "line": 15
      },
      "2": {
        "name": "(anonymous_2)",
        "decl": {
          "start": {
            "line": 23,
            "column": 17
          },
          "end": {
            "line": 23,
            "column": 18
          }
        },
        "loc": {
          "start": {
            "line": 23,
            "column": 24
          },
          "end": {
            "line": 24,
            "column": 72
          }
        },
        "line": 23
      },
      "3": {
        "name": "(anonymous_3)",
        "decl": {
          "start": {
            "line": 23,
            "column": 24
          },
          "end": {
            "line": 23,
            "column": 25
          }
        },
        "loc": {
          "start": {
            "line": 24,
            "column": 4
          },
          "end": {
            "line": 24,
            "column": 72
          }
        },
        "line": 24
      },
      "4": {
        "name": "(anonymous_4)",
        "decl": {
          "start": {
            "line": 32,
            "column": 21
          },
          "end": {
            "line": 32,
            "column": 22
          }
        },
        "loc": {
          "start": {
            "line": 32,
            "column": 27
          },
          "end": {
            "line": 32,
            "column": 57
          }
        },
        "line": 32
      }
    },
    "branchMap": {},
    "s": {
      "0": 3,
      "1": 0,
      "2": 0,
      "3": 0,
      "4": 0,
      "5": 0,
      "6": 0,
      "7": 0,
      "8": 0,
      "9": 0
    },
    "f": {
      "0": 0,
      "1": 0,
      "2": 0,
      "3": 0,
      "4": 0
    },
    "b": {},
    "_coverageSchema": "43e27e138ebf9cfc5966b082cf9a028302ed4184",
    "hash": "cca0ff8b43eaab46756052be4b37ddc50e5df2e9"
  },
  "C:\\Users\\vntjoig\\Studies\\SleepQualityAnalyzer\\src\\components\\Quiz\\BasicQuestionAndAnswer\\BasicQuestionAndAnswer.js": {
    "path": "C:\\Users\\vntjoig\\Studies\\SleepQualityAnalyzer\\src\\components\\Quiz\\BasicQuestionAndAnswer\\BasicQuestionAndAnswer.js",
    "statementMap": {
      "0": {
        "start": {
          "line": 7,
          "column": 38
        },
        "end": {
          "line": 30,
          "column": 1
        }
      },
      "1": {
        "start": {
          "line": 8,
          "column": 19
        },
        "end": {
          "line": 8,
          "column": 32
        }
      },
      "2": {
        "start": {
          "line": 10,
          "column": 19
        },
        "end": {
          "line": 12,
          "column": 3
        }
      },
      "3": {
        "start": {
          "line": 11,
          "column": 4
        },
        "end": {
          "line": 11,
          "column": 57
        }
      },
      "4": {
        "start": {
          "line": 14,
          "column": 23
        },
        "end": {
          "line": 18,
          "column": 4
        }
      },
      "5": {
        "start": {
          "line": 15,
          "column": 4
        },
        "end": {
          "line": 17,
          "column": 19
        }
      },
      "6": {
        "start": {
          "line": 20,
          "column": 2
        },
        "end": {
          "line": 29,
          "column": 4
        }
      }
    },
    "fnMap": {
      "0": {
        "name": "(anonymous_0)",
        "decl": {
          "start": {
            "line": 7,
            "column": 38
          },
          "end": {
            "line": 7,
            "column": 39
          }
        },
        "loc": {
          "start": {
            "line": 7,
            "column": 60
          },
          "end": {
            "line": 30,
            "column": 1
          }
        },
        "line": 7
      },
      "1": {
        "name": "(anonymous_1)",
        "decl": {
          "start": {
            "line": 10,
            "column": 19
          },
          "end": {
            "line": 10,
            "column": 20
          }
        },
        "loc": {
          "start": {
            "line": 10,
            "column": 36
          },
          "end": {
            "line": 12,
            "column": 3
          }
        },
        "line": 10
      },
      "2": {
        "name": "(anonymous_2)",
        "decl": {
          "start": {
            "line": 14,
            "column": 53
          },
          "end": {
            "line": 14,
            "column": 54
          }
        },
        "loc": {
          "start": {
            "line": 15,
            "column": 4
          },
          "end": {
            "line": 17,
            "column": 19
          }
        },
        "line": 15
      }
    },
    "branchMap": {},
    "s": {
      "0": 3,
      "1": 0,
      "2": 0,
      "3": 0,
      "4": 0,
      "5": 0,
      "6": 0
    },
    "f": {
      "0": 0,
      "1": 0,
      "2": 0
    },
    "b": {},
    "_coverageSchema": "43e27e138ebf9cfc5966b082cf9a028302ed4184",
    "hash": "36fd6d718975d8f7338fbd53a2e372830353f79a"
  },
  "C:\\Users\\vntjoig\\Studies\\SleepQualityAnalyzer\\src\\containers\\QuizContainer\\QuizContainer.js": {
    "path": "C:\\Users\\vntjoig\\Studies\\SleepQualityAnalyzer\\src\\containers\\QuizContainer\\QuizContainer.js",
    "statementMap": {
      "0": {
        "start": {
          "line": 12,
          "column": 29
        },
        "end": {
          "line": 48,
          "column": 1
        }
      },
      "1": {
        "start": {
          "line": 13,
          "column": 16
        },
        "end": {
          "line": 13,
          "column": 45
        }
      },
      "2": {
        "start": {
          "line": 13,
          "column": 39
        },
        "end": {
          "line": 13,
          "column": 44
        }
      },
      "3": {
        "start": {
          "line": 15,
          "column": 26
        },
        "end": {
          "line": 36,
          "column": 3
        }
      },
      "4": {
        "start": {
          "line": 16,
          "column": 4
        },
        "end": {
          "line": 35,
          "column": 5
        }
      },
      "5": {
        "start": {
          "line": 18,
          "column": 8
        },
        "end": {
          "line": 18,
          "column": 73
        }
      },
      "6": {
        "start": {
          "line": 20,
          "column": 8
        },
        "end": {
          "line": 20,
          "column": 76
        }
      },
      "7": {
        "start": {
          "line": 22,
          "column": 8
        },
        "end": {
          "line": 22,
          "column": 76
        }
      },
      "8": {
        "start": {
          "line": 28,
          "column": 8
        },
        "end": {
          "line": 32,
          "column": 10
        }
      },
      "9": {
        "start": {
          "line": 34,
          "column": 8
        },
        "end": {
          "line": 34,
          "column": 73
        }
      },
      "10": {
        "start": {
          "line": 38,
          "column": 2
        },
        "end": {
          "line": 47,
          "column": 4
        }
      }
    },
    "fnMap": {
      "0": {
        "name": "(anonymous_0)",
        "decl": {
          "start": {
            "line": 12,
            "column": 29
          },
          "end": {
            "line": 12,
            "column": 30
          }
        },
        "loc": {
          "start": {
            "line": 12,
            "column": 35
          },
          "end": {
            "line": 48,
            "column": 1
          }
        },
        "line": 12
      },
      "1": {
        "name": "(anonymous_1)",
        "decl": {
          "start": {
            "line": 13,
            "column": 28
          },
          "end": {
            "line": 13,
            "column": 29
          }
        },
        "loc": {
          "start": {
            "line": 13,
            "column": 39
          },
          "end": {
            "line": 13,
            "column": 44
          }
        },
        "line": 13
      },
      "2": {
        "name": "(anonymous_2)",
        "decl": {
          "start": {
            "line": 15,
            "column": 26
          },
          "end": {
            "line": 15,
            "column": 27
          }
        },
        "loc": {
          "start": {
            "line": 15,
            "column": 32
          },
          "end": {
            "line": 36,
            "column": 3
          }
        },
        "line": 15
      }
    },
    "branchMap": {
      "0": {
        "loc": {
          "start": {
            "line": 16,
            "column": 4
          },
          "end": {
            "line": 35,
            "column": 5
          }
        },
        "type": "switch",
        "locations": [
          {
            "start": {
              "line": 17,
              "column": 6
            },
            "end": {
              "line": 18,
              "column": 73
            }
          },
          {
            "start": {
              "line": 19,
              "column": 6
            },
            "end": {
              "line": 20,
              "column": 76
            }
          },
          {
            "start": {
              "line": 21,
              "column": 6
            },
            "end": {
              "line": 22,
              "column": 76
            }
          },
          {
            "start": {
              "line": 23,
              "column": 6
            },
            "end": {
              "line": 23,
              "column": 13
            }
          },
          {
            "start": {
              "line": 24,
              "column": 6
            },
            "end": {
              "line": 24,
              "column": 13
            }
          },
          {
            "start": {
              "line": 25,
              "column": 6
            },
            "end": {
              "line": 25,
              "column": 13
            }
          },
          {
            "start": {
              "line": 26,
              "column": 6
            },
            "end": {
              "line": 26,
              "column": 13
            }
          },
          {
            "start": {
              "line": 27,
              "column": 6
            },
            "end": {
              "line": 32,
              "column": 10
            }
          },
          {
            "start": {
              "line": 33,
              "column": 6
            },
            "end": {
              "line": 34,
              "column": 73
            }
          }
        ],
        "line": 16
      }
    },
    "s": {
      "0": 3,
      "1": 3,
      "2": 6,
      "3": 3,
      "4": 3,
      "5": 3,
      "6": 0,
      "7": 0,
      "8": 0,
      "9": 0,
      "10": 3
    },
    "f": {
      "0": 3,
      "1": 6,
      "2": 3
    },
    "b": {
      "0": [
        3,
        0,
        0,
        0,
        0,
        0,
        0,
        0,
        0
      ]
    },
    "_coverageSchema": "43e27e138ebf9cfc5966b082cf9a028302ed4184",
    "hash": "bd4cd9b60c552d830c0fb4af5517c5208eb107ea"
  },
  "C:\\Users\\vntjoig\\Studies\\SleepQualityAnalyzer\\src\\containers\\Main\\Main.js": {
    "path": "C:\\Users\\vntjoig\\Studies\\SleepQualityAnalyzer\\src\\containers\\Main\\Main.js",
    "statementMap": {
      "0": {
        "start": {
          "line": 8,
          "column": 20
        },
        "end": {
          "line": 19,
          "column": 1
        }
      },
      "1": {
        "start": {
          "line": 9,
          "column": 2
        },
        "end": {
          "line": 18,
          "column": 4
        }
      }
    },
    "fnMap": {
      "0": {
        "name": "(anonymous_0)",
        "decl": {
          "start": {
            "line": 8,
            "column": 20
          },
          "end": {
            "line": 8,
            "column": 21
          }
        },
        "loc": {
          "start": {
            "line": 8,
            "column": 26
          },
          "end": {
            "line": 19,
            "column": 1
          }
        },
        "line": 8
      }
    },
    "branchMap": {},
    "s": {
      "0": 3,
      "1": 3
    },
    "f": {
      "0": 3
    },
    "b": {},
    "_coverageSchema": "43e27e138ebf9cfc5966b082cf9a028302ed4184",
    "hash": "4e875c4d13321a7af75fc114e1b871d58ab63cbf"
  },
  "C:\\Users\\vntjoig\\Studies\\SleepQualityAnalyzer\\src\\containers\\FallbackWidthPage\\FallbackWidthPage.js": {
    "path": "C:\\Users\\vntjoig\\Studies\\SleepQualityAnalyzer\\src\\containers\\FallbackWidthPage\\FallbackWidthPage.js",
    "statementMap": {
      "0": {
        "start": {
          "line": 7,
          "column": 33
        },
        "end": {
          "line": 51,
          "column": 1
        }
      },
      "1": {
        "start": {
          "line": 8,
          "column": 22
        },
        "end": {
          "line": 15,
          "column": 4
        }
      },
      "2": {
        "start": {
          "line": 10,
          "column": 6
        },
        "end": {
          "line": 10,
          "column": 53
        }
      },
      "3": {
        "start": {
          "line": 10,
          "column": 16
        },
        "end": {
          "line": 10,
          "column": 53
        }
      },
      "4": {
        "start": {
          "line": 17,
          "column": 17
        },
        "end": {
          "line": 18,
          "column": 72
        }
      },
      "5": {
        "start": {
          "line": 17,
          "column": 24
        },
        "end": {
          "line": 18,
          "column": 72
        }
      },
      "6": {
        "start": {
          "line": 18,
          "column": 4
        },
        "end": {
          "line": 18,
          "column": 72
        }
      },
      "7": {
        "start": {
          "line": 20,
          "column": 2
        },
        "end": {
          "line": 50,
          "column": 4
        }
      }
    },
    "fnMap": {
      "0": {
        "name": "(anonymous_0)",
        "decl": {
          "start": {
            "line": 7,
            "column": 33
          },
          "end": {
            "line": 7,
            "column": 34
          }
        },
        "loc": {
          "start": {
            "line": 7,
            "column": 39
          },
          "end": {
            "line": 51,
            "column": 1
          }
        },
        "line": 7
      },
      "1": {
        "name": "(anonymous_1)",
        "decl": {
          "start": {
            "line": 9,
            "column": 8
          },
          "end": {
            "line": 9,
            "column": 9
          }
        },
        "loc": {
          "start": {
            "line": 9,
            "column": 24
          },
          "end": {
            "line": 11,
            "column": 5
          }
        },
        "line": 9
      },
      "2": {
        "name": "(anonymous_2)",
        "decl": {
          "start": {
            "line": 17,
            "column": 17
          },
          "end": {
            "line": 17,
            "column": 18
          }
        },
        "loc": {
          "start": {
            "line": 17,
            "column": 24
          },
          "end": {
            "line": 18,
            "column": 72
          }
        },
        "line": 17
      },
      "3": {
        "name": "(anonymous_3)",
        "decl": {
          "start": {
            "line": 17,
            "column": 24
          },
          "end": {
            "line": 17,
            "column": 25
          }
        },
        "loc": {
          "start": {
            "line": 18,
            "column": 4
          },
          "end": {
            "line": 18,
            "column": 72
          }
        },
        "line": 18
      }
    },
    "branchMap": {},
    "s": {
      "0": 3,
      "1": 0,
      "2": 0,
      "3": 0,
      "4": 0,
      "5": 0,
      "6": 0,
      "7": 0
    },
    "f": {
      "0": 0,
      "1": 0,
      "2": 0,
      "3": 0
    },
    "b": {},
    "_coverageSchema": "43e27e138ebf9cfc5966b082cf9a028302ed4184",
    "hash": "5e59f645165b9b049af8e962d89f80e677bb4583"
  },
  "C:\\Users\\vntjoig\\Studies\\SleepQualityAnalyzer\\src\\App.js": {
    "path": "C:\\Users\\vntjoig\\Studies\\SleepQualityAnalyzer\\src\\App.js",
    "statementMap": {
      "0": {
        "start": {
          "line": 8,
          "column": 34
        },
        "end": {
          "line": 8,
          "column": 69
        }
      },
      "1": {
        "start": {
          "line": 9,
          "column": 2
        },
        "end": {
          "line": 9,
          "column": 33
        }
      },
      "2": {
        "start": {
          "line": 11,
          "column": 22
        },
        "end": {
          "line": 13,
          "column": 3
        }
      },
      "3": {
        "start": {
          "line": 12,
          "column": 4
        },
        "end": {
          "line": 12,
          "column": 42
        }
      },
      "4": {
        "start": {
          "line": 15,
          "column": 2
        },
        "end": {
          "line": 18,
          "column": 5
        }
      },
      "5": {
        "start": {
          "line": 16,
          "column": 4
        },
        "end": {
          "line": 16,
          "column": 51
        }
      },
      "6": {
        "start": {
          "line": 17,
          "column": 4
        },
        "end": {
          "line": 17,
          "column": 67
        }
      },
      "7": {
        "start": {
          "line": 17,
          "column": 17
        },
        "end": {
          "line": 17,
          "column": 66
        }
      },
      "8": {
        "start": {
          "line": 20,
          "column": 2
        },
        "end": {
          "line": 22,
          "column": 4
        }
      }
    },
    "fnMap": {
      "0": {
        "name": "App",
        "decl": {
          "start": {
            "line": 7,
            "column": 9
          },
          "end": {
            "line": 7,
            "column": 12
          }
        },
        "loc": {
          "start": {
            "line": 7,
            "column": 15
          },
          "end": {
            "line": 23,
            "column": 1
          }
        },
        "line": 7
      },
      "1": {
        "name": "(anonymous_1)",
        "decl": {
          "start": {
            "line": 11,
            "column": 22
          },
          "end": {
            "line": 11,
            "column": 23
          }
        },
        "loc": {
          "start": {
            "line": 11,
            "column": 28
          },
          "end": {
            "line": 13,
            "column": 3
          }
        },
        "line": 11
      },
      "2": {
        "name": "(anonymous_2)",
        "decl": {
          "start": {
            "line": 15,
            "column": 12
          },
          "end": {
            "line": 15,
            "column": 13
          }
        },
        "loc": {
          "start": {
            "line": 15,
            "column": 18
          },
          "end": {
            "line": 18,
            "column": 3
          }
        },
        "line": 15
      },
      "3": {
        "name": "(anonymous_3)",
        "decl": {
          "start": {
            "line": 17,
            "column": 11
          },
          "end": {
            "line": 17,
            "column": 12
          }
        },
        "loc": {
          "start": {
            "line": 17,
            "column": 17
          },
          "end": {
            "line": 17,
            "column": 66
          }
        },
        "line": 17
      }
    },
    "branchMap": {
      "0": {
        "loc": {
          "start": {
            "line": 21,
            "column": 26
          },
          "end": {
            "line": 21,
            "column": 70
          }
        },
        "type": "cond-expr",
        "locations": [
          {
            "start": {
              "line": 21,
              "column": 38
            },
            "end": {
              "line": 21,
              "column": 46
            }
          },
          {
            "start": {
              "line": 21,
              "column": 49
            },
            "end": {
              "line": 21,
              "column": 70
            }
          }
        ],
        "line": 21
      }
    },
    "s": {
      "0": 3,
      "1": 3,
      "2": 3,
      "3": 0,
      "4": 3,
      "5": 3,
      "6": 3,
      "7": 0,
      "8": 3
    },
    "f": {
      "0": 3,
      "1": 0,
      "2": 3,
      "3": 0
    },
    "b": {
      "0": [
        3,
        0
      ]
    },
    "_coverageSchema": "43e27e138ebf9cfc5966b082cf9a028302ed4184",
    "hash": "e4541080999da6d3e2f285de9485734ece670f72"
  },
  "C:\\Users\\vntjoig\\Studies\\SleepQualityAnalyzer\\src\\serviceWorker.js": {
    "path": "C:\\Users\\vntjoig\\Studies\\SleepQualityAnalyzer\\src\\serviceWorker.js",
    "statementMap": {
      "0": {
        "start": {
          "line": 13,
          "column": 20
        },
        "end": {
          "line": 21,
          "column": 1
        }
      },
      "1": {
        "start": {
          "line": 24,
          "column": 2
        },
        "end": {
          "line": 54,
          "column": 3
        }
      },
      "2": {
        "start": {
          "line": 26,
          "column": 22
        },
        "end": {
          "line": 26,
          "column": 75
        }
      },
      "3": {
        "start": {
          "line": 27,
          "column": 4
        },
        "end": {
          "line": 32,
          "column": 5
        }
      },
      "4": {
        "start": {
          "line": 31,
          "column": 6
        },
        "end": {
          "line": 31,
          "column": 13
        }
      },
      "5": {
        "start": {
          "line": 34,
          "column": 4
        },
        "end": {
          "line": 53,
          "column": 7
        }
      },
      "6": {
        "start": {
          "line": 35,
          "column": 20
        },
        "end": {
          "line": 35,
          "column": 65
        }
      },
      "7": {
        "start": {
          "line": 37,
          "column": 6
        },
        "end": {
          "line": 52,
          "column": 7
        }
      },
      "8": {
        "start": {
          "line": 39,
          "column": 8
        },
        "end": {
          "line": 39,
          "column": 47
        }
      },
      "9": {
        "start": {
          "line": 43,
          "column": 8
        },
        "end": {
          "line": 48,
          "column": 11
        }
      },
      "10": {
        "start": {
          "line": 44,
          "column": 10
        },
        "end": {
          "line": 47,
          "column": 12
        }
      },
      "11": {
        "start": {
          "line": 51,
          "column": 8
        },
        "end": {
          "line": 51,
          "column": 39
        }
      },
      "12": {
        "start": {
          "line": 58,
          "column": 2
        },
        "end": {
          "line": 98,
          "column": 7
        }
      },
      "13": {
        "start": {
          "line": 61,
          "column": 6
        },
        "end": {
          "line": 94,
          "column": 8
        }
      },
      "14": {
        "start": {
          "line": 62,
          "column": 33
        },
        "end": {
          "line": 62,
          "column": 56
        }
      },
      "15": {
        "start": {
          "line": 63,
          "column": 8
        },
        "end": {
          "line": 65,
          "column": 9
        }
      },
      "16": {
        "start": {
          "line": 64,
          "column": 10
        },
        "end": {
          "line": 64,
          "column": 17
        }
      },
      "17": {
        "start": {
          "line": 66,
          "column": 8
        },
        "end": {
          "line": 93,
          "column": 10
        }
      },
      "18": {
        "start": {
          "line": 67,
          "column": 10
        },
        "end": {
          "line": 92,
          "column": 11
        }
      },
      "19": {
        "start": {
          "line": 68,
          "column": 12
        },
        "end": {
          "line": 91,
          "column": 13
        }
      },
      "20": {
        "start": {
          "line": 72,
          "column": 14
        },
        "end": {
          "line": 75,
          "column": 16
        }
      },
      "21": {
        "start": {
          "line": 78,
          "column": 14
        },
        "end": {
          "line": 80,
          "column": 15
        }
      },
      "22": {
        "start": {
          "line": 79,
          "column": 16
        },
        "end": {
          "line": 79,
          "column": 46
        }
      },
      "23": {
        "start": {
          "line": 85,
          "column": 14
        },
        "end": {
          "line": 85,
          "column": 64
        }
      },
      "24": {
        "start": {
          "line": 88,
          "column": 14
        },
        "end": {
          "line": 90,
          "column": 15
        }
      },
      "25": {
        "start": {
          "line": 89,
          "column": 16
        },
        "end": {
          "line": 89,
          "column": 47
        }
      },
      "26": {
        "start": {
          "line": 97,
          "column": 6
        },
        "end": {
          "line": 97,
          "column": 72
        }
      },
      "27": {
        "start": {
          "line": 103,
          "column": 2
        },
        "end": {
          "line": 128,
          "column": 7
        }
      },
      "28": {
        "start": {
          "line": 108,
          "column": 26
        },
        "end": {
          "line": 108,
          "column": 62
        }
      },
      "29": {
        "start": {
          "line": 109,
          "column": 6
        },
        "end": {
          "line": 122,
          "column": 7
        }
      },
      "30": {
        "start": {
          "line": 114,
          "column": 8
        },
        "end": {
          "line": 118,
          "column": 11
        }
      },
      "31": {
        "start": {
          "line": 115,
          "column": 10
        },
        "end": {
          "line": 117,
          "column": 13
        }
      },
      "32": {
        "start": {
          "line": 116,
          "column": 12
        },
        "end": {
          "line": 116,
          "column": 37
        }
      },
      "33": {
        "start": {
          "line": 121,
          "column": 8
        },
        "end": {
          "line": 121,
          "column": 39
        }
      },
      "34": {
        "start": {
          "line": 125,
          "column": 6
        },
        "end": {
          "line": 127,
          "column": 8
        }
      },
      "35": {
        "start": {
          "line": 132,
          "column": 2
        },
        "end": {
          "line": 140,
          "column": 3
        }
      },
      "36": {
        "start": {
          "line": 133,
          "column": 4
        },
        "end": {
          "line": 139,
          "column": 9
        }
      },
      "37": {
        "start": {
          "line": 135,
          "column": 8
        },
        "end": {
          "line": 135,
          "column": 34
        }
      },
      "38": {
        "start": {
          "line": 138,
          "column": 8
        },
        "end": {
          "line": 138,
          "column": 37
        }
      }
    },
    "fnMap": {
      "0": {
        "name": "register",
        "decl": {
          "start": {
            "line": 23,
            "column": 16
          },
          "end": {
            "line": 23,
            "column": 24
          }
        },
        "loc": {
          "start": {
            "line": 23,
            "column": 33
          },
          "end": {
            "line": 55,
            "column": 1
          }
        },
        "line": 23
      },
      "1": {
        "name": "(anonymous_1)",
        "decl": {
          "start": {
            "line": 34,
            "column": 36
          },
          "end": {
            "line": 34,
            "column": 37
          }
        },
        "loc": {
          "start": {
            "line": 34,
            "column": 42
          },
          "end": {
            "line": 53,
            "column": 5
          }
        },
        "line": 34
      },
      "2": {
        "name": "(anonymous_2)",
        "decl": {
          "start": {
            "line": 43,
            "column": 43
          },
          "end": {
            "line": 43,
            "column": 44
          }
        },
        "loc": {
          "start": {
            "line": 43,
            "column": 49
          },
          "end": {
            "line": 48,
            "column": 9
          }
        },
        "line": 43
      },
      "3": {
        "name": "registerValidSW",
        "decl": {
          "start": {
            "line": 57,
            "column": 9
          },
          "end": {
            "line": 57,
            "column": 24
          }
        },
        "loc": {
          "start": {
            "line": 57,
            "column": 40
          },
          "end": {
            "line": 99,
            "column": 1
          }
        },
        "line": 57
      },
      "4": {
        "name": "(anonymous_4)",
        "decl": {
          "start": {
            "line": 60,
            "column": 10
          },
          "end": {
            "line": 60,
            "column": 11
          }
        },
        "loc": {
          "start": {
            "line": 60,
            "column": 26
          },
          "end": {
            "line": 95,
            "column": 5
          }
        },
        "line": 60
      },
      "5": {
        "name": "(anonymous_5)",
        "decl": {
          "start": {
            "line": 61,
            "column": 35
          },
          "end": {
            "line": 61,
            "column": 36
          }
        },
        "loc": {
          "start": {
            "line": 61,
            "column": 41
          },
          "end": {
            "line": 94,
            "column": 7
          }
        },
        "line": 61
      },
      "6": {
        "name": "(anonymous_6)",
        "decl": {
          "start": {
            "line": 66,
            "column": 41
          },
          "end": {
            "line": 66,
            "column": 42
          }
        },
        "loc": {
          "start": {
            "line": 66,
            "column": 47
          },
          "end": {
            "line": 93,
            "column": 9
          }
        },
        "line": 66
      },
      "7": {
        "name": "(anonymous_7)",
        "decl": {
          "start": {
            "line": 96,
            "column": 11
          },
          "end": {
            "line": 96,
            "column": 12
          }
        },
        "loc": {
          "start": {
            "line": 96,
            "column": 20
          },
          "end": {
            "line": 98,
            "column": 5
          }
        },
        "line": 96
      },
      "8": {
        "name": "checkValidServiceWorker",
        "decl": {
          "start": {
            "line": 101,
            "column": 9
          },
          "end": {
            "line": 101,
            "column": 32
          }
        },
        "loc": {
          "start": {
            "line": 101,
            "column": 48
          },
          "end": {
            "line": 129,
            "column": 1
          }
        },
        "line": 101
      },
      "9": {
        "name": "(anonymous_9)",
        "decl": {
          "start": {
            "line": 106,
            "column": 10
          },
          "end": {
            "line": 106,
            "column": 11
          }
        },
        "loc": {
          "start": {
            "line": 106,
            "column": 22
          },
          "end": {
            "line": 123,
            "column": 5
          }
        },
        "line": 106
      },
      "10": {
        "name": "(anonymous_10)",
        "decl": {
          "start": {
            "line": 114,
            "column": 43
          },
          "end": {
            "line": 114,
            "column": 44
          }
        },
        "loc": {
          "start": {
            "line": 114,
            "column": 59
          },
          "end": {
            "line": 118,
            "column": 9
          }
        },
        "line": 114
      },
      "11": {
        "name": "(anonymous_11)",
        "decl": {
          "start": {
            "line": 115,
            "column": 41
          },
          "end": {
            "line": 115,
            "column": 42
          }
        },
        "loc": {
          "start": {
            "line": 115,
            "column": 47
          },
          "end": {
            "line": 117,
            "column": 11
          }
        },
        "line": 115
      },
      "12": {
        "name": "(anonymous_12)",
        "decl": {
          "start": {
            "line": 124,
            "column": 11
          },
          "end": {
            "line": 124,
            "column": 12
          }
        },
        "loc": {
          "start": {
            "line": 124,
            "column": 17
          },
          "end": {
            "line": 128,
            "column": 5
          }
        },
        "line": 124
      },
      "13": {
        "name": "unregister",
        "decl": {
          "start": {
            "line": 131,
            "column": 16
          },
          "end": {
            "line": 131,
            "column": 26
          }
        },
        "loc": {
          "start": {
            "line": 131,
            "column": 29
          },
          "end": {
            "line": 141,
            "column": 1
          }
        },
        "line": 131
      },
      "14": {
        "name": "(anonymous_14)",
        "decl": {
          "start": {
            "line": 134,
            "column": 12
          },
          "end": {
            "line": 134,
            "column": 13
          }
        },
        "loc": {
          "start": {
            "line": 134,
            "column": 28
          },
          "end": {
            "line": 136,
            "column": 7
          }
        },
        "line": 134
      },
      "15": {
        "name": "(anonymous_15)",
        "decl": {
          "start": {
            "line": 137,
            "column": 13
          },
          "end": {
            "line": 137,
            "column": 14
          }
        },
        "loc": {
          "start": {
            "line": 137,
            "column": 22
          },
          "end": {
            "line": 139,
            "column": 7
          }
        },
        "line": 137
      }
    },
    "branchMap": {
      "0": {
        "loc": {
          "start": {
            "line": 14,
            "column": 2
          },
          "end": {
            "line": 20,
            "column": 5
          }
        },
        "type": "binary-expr",
        "locations": [
          {
            "start": {
              "line": 14,
              "column": 2
            },
            "end": {
              "line": 14,
              "column": 42
            }
          },
          {
            "start": {
              "line": 16,
              "column": 4
            },
            "end": {
              "line": 16,
              "column": 40
            }
          },
          {
            "start": {
              "line": 18,
              "column": 4
            },
            "end": {
              "line": 20,
              "column": 5
            }
          }
        ],
        "line": 14
      },
      "1": {
        "loc": {
          "start": {
            "line": 24,
            "column": 2
          },
          "end": {
            "line": 54,
            "column": 3
          }
        },
        "type": "if",
        "locations": [
          {
            "start": {
              "line": 24,
              "column": 2
            },
            "end": {
              "line": 54,
              "column": 3
            }
          },
          {
            "start": {
              "line": 24,
              "column": 2
            },
            "end": {
              "line": 54,
              "column": 3
            }
          }
        ],
        "line": 24
      },
      "2": {
        "loc": {
          "start": {
            "line": 24,
            "column": 6
          },
          "end": {
            "line": 24,
            "column": 75
          }
        },
        "type": "binary-expr",
        "locations": [
          {
            "start": {
              "line": 24,
              "column": 6
            },
            "end": {
              "line": 24,
              "column": 43
            }
          },
          {
            "start": {
              "line": 24,
              "column": 47
            },
            "end": {
              "line": 24,
              "column": 75
            }
          }
        ],
        "line": 24
      },
      "3": {
        "loc": {
          "start": {
            "line": 27,
            "column": 4
          },
          "end": {
            "line": 32,
            "column": 5
          }
        },
        "type": "if",
        "locations": [
          {
            "start": {
              "line": 27,
              "column": 4
            },
            "end": {
              "line": 32,
              "column": 5
            }
          },
          {
            "start": {
              "line": 27,
              "column": 4
            },
            "end": {
              "line": 32,
              "column": 5
            }
          }
        ],
        "line": 27
      },
      "4": {
        "loc": {
          "start": {
            "line": 37,
            "column": 6
          },
          "end": {
            "line": 52,
            "column": 7
          }
        },
        "type": "if",
        "locations": [
          {
            "start": {
              "line": 37,
              "column": 6
            },
            "end": {
              "line": 52,
              "column": 7
            }
          },
          {
            "start": {
              "line": 37,
              "column": 6
            },
            "end": {
              "line": 52,
              "column": 7
            }
          }
        ],
        "line": 37
      },
      "5": {
        "loc": {
          "start": {
            "line": 63,
            "column": 8
          },
          "end": {
            "line": 65,
            "column": 9
          }
        },
        "type": "if",
        "locations": [
          {
            "start": {
              "line": 63,
              "column": 8
            },
            "end": {
              "line": 65,
              "column": 9
            }
          },
          {
            "start": {
              "line": 63,
              "column": 8
            },
            "end": {
              "line": 65,
              "column": 9
            }
          }
        ],
        "line": 63
      },
      "6": {
        "loc": {
          "start": {
            "line": 67,
            "column": 10
          },
          "end": {
            "line": 92,
            "column": 11
          }
        },
        "type": "if",
        "locations": [
          {
            "start": {
              "line": 67,
              "column": 10
            },
            "end": {
              "line": 92,
              "column": 11
            }
          },
          {
            "start": {
              "line": 67,
              "column": 10
            },
            "end": {
              "line": 92,
              "column": 11
            }
          }
        ],
        "line": 67
      },
      "7": {
        "loc": {
          "start": {
            "line": 68,
            "column": 12
          },
          "end": {
            "line": 91,
            "column": 13
          }
        },
        "type": "if",
        "locations": [
          {
            "start": {
              "line": 68,
              "column": 12
            },
            "end": {
              "line": 91,
              "column": 13
            }
          },
          {
            "start": {
              "line": 68,
              "column": 12
            },
            "end": {
              "line": 91,
              "column": 13
            }
          }
        ],
        "line": 68
      },
      "8": {
        "loc": {
          "start": {
            "line": 78,
            "column": 14
          },
          "end": {
            "line": 80,
            "column": 15
          }
        },
        "type": "if",
        "locations": [
          {
            "start": {
              "line": 78,
              "column": 14
            },
            "end": {
              "line": 80,
              "column": 15
            }
          },
          {
            "start": {
              "line": 78,
              "column": 14
            },
            "end": {
              "line": 80,
              "column": 15
            }
          }
        ],
        "line": 78
      },
      "9": {
        "loc": {
          "start": {
            "line": 78,
            "column": 18
          },
          "end": {
            "line": 78,
            "column": 43
          }
        },
        "type": "binary-expr",
        "locations": [
          {
            "start": {
              "line": 78,
              "column": 18
            },
            "end": {
              "line": 78,
              "column": 24
            }
          },
          {
            "start": {
              "line": 78,
              "column": 28
            },
            "end": {
              "line": 78,
              "column": 43
            }
          }
        ],
        "line": 78
      },
      "10": {
        "loc": {
          "start": {
            "line": 88,
            "column": 14
          },
          "end": {
            "line": 90,
            "column": 15
          }
        },
        "type": "if",
        "locations": [
          {
            "start": {
              "line": 88,
              "column": 14
            },
            "end": {
              "line": 90,
              "column": 15
            }
          },
          {
            "start": {
              "line": 88,
              "column": 14
            },
            "end": {
              "line": 90,
              "column": 15
            }
          }
        ],
        "line": 88
      },
      "11": {
        "loc": {
          "start": {
            "line": 88,
            "column": 18
          },
          "end": {
            "line": 88,
            "column": 44
          }
        },
        "type": "binary-expr",
        "locations": [
          {
            "start": {
              "line": 88,
              "column": 18
            },
            "end": {
              "line": 88,
              "column": 24
            }
          },
          {
            "start": {
              "line": 88,
              "column": 28
            },
            "end": {
              "line": 88,
              "column": 44
            }
          }
        ],
[...]
      },
      "49": {
        "start": {
          "line": 142,
          "column": 6
        },
        "end": {
          "line": 142,
          "column": 34
        }
      },
      "50": {
        "start": {
          "line": 144,
          "column": 6
        },
        "end": {
          "line": 144,
          "column": 23
        }
      },
      "51": {
        "start": {
          "line": 147,
          "column": 6
        },
        "end": {
          "line": 151,
          "column": 8
        }
      },
      "52": {
        "start": {
          "line": 152,
          "column": 6
        },
        "end": {
          "line": 152,
          "column": 64
        }
      },
      "53": {
        "start": {
          "line": 154,
          "column": 6
        },
        "end": {
          "line": 154,
          "column": 23
        }
      },
      "54": {
        "start": {
          "line": 157,
          "column": 6
        },
        "end": {
          "line": 157,
          "column": 19
        }
      }
    },
    "fnMap": {
      "0": {
        "name": "(anonymous_0)",
        "decl": {
          "start": {
            "line": 13,
            "column": 25
          },
          "end": {
            "line": 13,
            "column": 26
          }
        },
        "loc": {
          "start": {
            "line": 13,
            "column": 34
          },
          "end": {
            "line": 21,
            "column": 1
          }
        },
        "line": 13
      },
      "1": {
        "name": "(anonymous_1)",
        "decl": {
          "start": {
            "line": 23,
            "column": 28
          },
          "end": {
            "line": 23,
            "column": 29
          }
        },
        "loc": {
          "start": {
            "line": 23,
            "column": 58
          },
          "end": {
            "line": 66,
            "column": 1
          }
        },
        "line": 23
      },
      "2": {
        "name": "(anonymous_2)",
        "decl": {
          "start": {
            "line": 68,
            "column": 24
          },
          "end": {
            "line": 68,
            "column": 25
          }
        },
        "loc": {
          "start": {
            "line": 68,
            "column": 40
          },
          "end": {
            "line": 119,
            "column": 1
          }
        },
        "line": 68
      },
      "3": {
        "name": "(anonymous_3)",
        "decl": {
          "start": {
            "line": 121,
            "column": 27
          },
          "end": {
            "line": 121,
            "column": 28
          }
        },
        "loc": {
          "start": {
            "line": 121,
            "column": 61
          },
          "end": {
            "line": 159,
            "column": 1
          }
        },
        "line": 121
      }
    },
    "branchMap": {
      "0": {
        "loc": {
          "start": {
            "line": 14,
            "column": 2
          },
          "end": {
            "line": 20,
            "column": 3
          }
        },
        "type": "if",
        "locations": [
          {
            "start": {
              "line": 14,
              "column": 2
            },
            "end": {
              "line": 20,
              "column": 3
            }
          },
          {
            "start": {
              "line": 14,
              "column": 2
            },
            "end": {
              "line": 20,
              "column": 3
            }
          }
        ],
        "line": 14
      },
      "1": {
        "loc": {
          "start": {
            "line": 16,
            "column": 9
          },
          "end": {
            "line": 20,
            "column": 3
          }
        },
        "type": "if",
        "locations": [
          {
            "start": {
              "line": 16,
              "column": 9
            },
            "end": {
              "line": 20,
              "column": 3
            }
          },
          {
            "start": {
              "line": 16,
              "column": 9
            },
            "end": {
              "line": 20,
              "column": 3
            }
          }
        ],
        "line": 16
      },
      "2": {
        "loc": {
          "start": {
            "line": 24,
            "column": 2
          },
          "end": {
            "line": 33,
            "column": 3
          }
        },
        "type": "if",
        "locations": [
          {
            "start": {
              "line": 24,
              "column": 2
            },
            "end": {
              "line": 33,
              "column": 3
            }
          },
          {
            "start": {
              "line": 24,
              "column": 2
            },
            "end": {
              "line": 33,
              "column": 3
            }
          }
        ],
        "line": 24
      },
      "3": {
        "loc": {
          "start": {
            "line": 25,
            "column": 4
          },
          "end": {
            "line": 32,
            "column": 5
          }
        },
        "type": "switch",
        "locations": [
          {
            "start": {
              "line": 26,
              "column": 6
            },
            "end": {
              "line": 27,
              "column": 17
            }
          },
          {
            "start": {
              "line": 28,
              "column": 6
            },
            "end": {
              "line": 29,
              "column": 17
            }
          },
          {
            "start": {
              "line": 30,
              "column": 6
            },
            "end": {
              "line": 31,
              "column": 17
            }
          }
        ],
        "line": 25
      },
      "4": {
        "loc": {
          "start": {
            "line": 35,
            "column": 2
          },
          "end": {
            "line": 65,
            "column": 3
          }
        },
        "type": "if",
        "locations": [
          {
            "start": {
              "line": 35,
              "column": 2
            },
            "end": {
              "line": 65,
              "column": 3
            }
          },
          {
            "start": {
              "line": 35,
              "column": 2
            },
            "end": {
              "line": 65,
              "column": 3
            }
          }
        ],
        "line": 35
      },
      "5": {
        "loc": {
          "start": {
            "line": 36,
            "column": 4
          },
          "end": {
            "line": 64,
            "column": 5
          }
        },
        "type": "switch",
        "locations": [
          {
            "start": {
              "line": 37,
              "column": 6
            },
            "end": {
              "line": 38,
              "column": 17
            }
          },
          {
            "start": {
              "line": 39,
              "column": 6
            },
            "end": {
              "line": 40,
              "column": 17
            }
          },
          {
            "start": {
              "line": 41,
              "column": 6
            },
            "end": {
              "line": 42,
              "column": 17
            }
          },
          {
            "start": {
              "line": 43,
              "column": 6
            },
            "end": {
              "line": 48,
              "column": 9
            }
          },
          {
            "start": {
              "line": 49,
              "column": 6
            },
            "end": {
              "line": 54,
              "column": 9
            }
          },
          {
            "start": {
              "line": 55,
              "column": 6
            },
            "end": {
              "line": 60,
              "column": 9
            }
          },
          {
            "start": {
              "line": 62,
              "column": 6
            },
            "end": {
              "line": 63,
              "column": 17
            }
          }
        ],
        "line": 36
      },
      "6": {
        "loc": {
          "start": {
            "line": 44,
            "column": 8
          },
          "end": {
            "line": 48,
            "column": 9
          }
        },
        "type": "if",
        "locations": [
          {
            "start": {
              "line": 44,
              "column": 8
            },
            "end": {
              "line": 48,
              "column": 9
            }
          },
          {
            "start": {
              "line": 44,
              "column": 8
            },
            "end": {
              "line": 48,
              "column": 9
            }
          }
        ],
        "line": 44
      },
      "7": {
        "loc": {
          "start": {
            "line": 50,
            "column": 8
          },
          "end": {
            "line": 54,
            "column": 9
          }
        },
        "type": "if",
        "locations": [
          {
            "start": {
              "line": 50,
              "column": 8
            },
            "end": {
              "line": 54,
              "column": 9
            }
          },
          {
            "start": {
              "line": 50,
              "column": 8
            },
            "end": {
              "line": 54,
              "column": 9
            }
          }
        ],
        "line": 50
      },
      "8": {
        "loc": {
          "start": {
            "line": 50,
            "column": 12
          },
          "end": {
            "line": 50,
            "column": 42
          }
        },
        "type": "binary-expr",
        "locations": [
          {
            "start": {
              "line": 50,
              "column": 12
            },
            "end": {
              "line": 50,
              "column": 25
            }
          },
          {
            "start": {
              "line": 50,
              "column": 29
            },
            "end": {
              "line": 50,
              "column": 42
            }
          }
        ],
        "line": 50
      },
      "9": {
        "loc": {
          "start": {
            "line": 56,
            "column": 8
          },
          "end": {
            "line": 60,
            "column": 9
          }
        },
        "type": "if",
        "locations": [
          {
            "start": {
              "line": 56,
              "column": 8
            },
            "end": {
              "line": 60,
              "column": 9
            }
          },
          {
            "start": {
              "line": 56,
              "column": 8
            },
            "end": {
              "line": 60,
              "column": 9
            }
          }
        ],
        "line": 56
      },
      "10": {
        "loc": {
          "start": {
            "line": 56,
            "column": 12
          },
          "end": {
            "line": 56,
            "column": 41
          }
        },
        "type": "binary-expr",
        "locations": [
          {
            "start": {
              "line": 56,
              "column": 12
            },
            "end": {
              "line": 56,
              "column": 25
            }
          },
          {
            "start": {
              "line": 56,
              "column": 29
            },
            "end": {
              "line": 56,
              "column": 41
            }
          }
        ],
        "line": 56
      },
      "11": {
        "loc": {
          "start": {
            "line": 69,
            "column": 2
          },
          "end": {
            "line": 118,
            "column": 3
          }
        },
        "type": "switch",
        "locations": [
          {
            "start": {
              "line": 70,
              "column": 4
            },
            "end": {
              "line": 77,
              "column": 8
            }
          },
          {
            "start": {
              "line": 78,
              "column": 4
            },
            "end": {
              "line": 89,
              "column": 8
            }
          },
          {
            "start": {
              "line": 90,
              "column": 4
            },
            "end": {
              "line": 94,
              "column": 8
            }
          },
          {
            "start": {
              "line": 95,
              "column": 4
            },
            "end": {
              "line": 99,
              "column": 8
            }
          },
          {
            "start": {
              "line": 100,
              "column": 4
            },
            "end": {
              "line": 104,
              "column": 8
            }
          },
          {
            "start": {
              "line": 105,
              "column": 4
            },
            "end": {
              "line": 109,
              "column": 8
            }
          },
          {
            "start": {
              "line": 111,
              "column": 4
            },
            "end": {
              "line": 115,
              "column": 8
            }
          },
          {
            "start": {
              "line": 116,
              "column": 4
            },
            "end": {
              "line": 117,
              "column": 16
            }
          }
        ],
        "line": 69
      },
      "12": {
        "loc": {
          "start": {
            "line": 121,
            "column": 28
          },
          "end": {
            "line": 121,
            "column": 48
          }
        },
        "type": "default-arg",
        "locations": [
          {
            "start": {
              "line": 121,
              "column": 36
            },
            "end": {
              "line": 121,
              "column": 48
            }
          }
        ],
        "line": 121
      },
      "13": {
        "loc": {
          "start": {
            "line": 124,
            "column": 2
          },
          "end": {
            "line": 158,
            "column": 3
          }
        },
        "type": "switch",
        "locations": [
          {
            "start": {
              "line": 125,
              "column": 4
            },
            "end": {
              "line": 134,
              "column": 23
            }
          },
          {
            "start": {
              "line": 136,
              "column": 4
            },
            "end": {
              "line": 138,
              "column": 23
            }
          },
          {
            "start": {
              "line": 140,
              "column": 4
            },
            "end": {
              "line": 144,
              "column": 23
            }
          },
          {
            "start": {
              "line": 146,
              "column": 4
            },
            "end": {
              "line": 154,
              "column": 23
            }
          },
          {
            "start": {
              "line": 156,
              "column": 4
            },
            "end": {
              "line": 157,
              "column": 19
            }
          }
        ],
        "line": 124
      }
    },
    "s": {
      "0": 3,
      "1": 3,
      "2": 0,
      "3": 0,
      "4": 0,
      "5": 0,
      "6": 0,
      "7": 3,
      "8": 0,
      "9": 0,
      "10": 0,
      "11": 0,
      "12": 0,
      "13": 0,
      "14": 0,
      "15": 0,
      "16": 0,
      "17": 0,
      "18": 0,
      "19": 0,
      "20": 0,
      "21": 0,
      "22": 0,
      "23": 0,
      "24": 0,
      "25": 0,
      "26": 0,
      "27": 0,
      "28": 3,
      "29": 0,
      "30": 0,
      "31": 0,
      "32": 0,
      "33": 0,
      "34": 0,
      "35": 0,
      "36": 0,
      "37": 0,
      "38": 3,
      "39": 3,
      "40": 3,
      "41": 0,
      "42": 0,
      "43": 0,
      "44": 0,
      "45": 0,
      "46": 0,
      "47": 0,
      "48": 0,
      "49": 0,
      "50": 0,
      "51": 0,
      "52": 0,
      "53": 0,
      "54": 3
    },
    "f": {
      "0": 0,
      "1": 0,
      "2": 0,
      "3": 3
    },
    "b": {
      "0": [
        0,
        0
      ],
      "1": [
        0,
        0
      ],
      "2": [
        0,
        0
      ],
      "3": [
        0,
        0,
        0
      ],
      "4": [
        0,
        0
      ],
      "5": [
        0,
        0,
        0,
        0,
        0,
        0,
        0
      ],
      "6": [
        0,
        0
      ],
      "7": [
        0,
        0
      ],
      "8": [
        0,
        0
      ],
      "9": [
        0,
        0
      ],
      "10": [
        0,
        0
      ],
      "11": [
        0,
        0,
        0,
        0,
        0,
        0,
        0,
        0
      ],
      "12": [
        3
      ],
      "13": [
        0,
        0,
        0,
        0,
        3
      ]
    },
    "_coverageSchema": "43e27e138ebf9cfc5966b082cf9a028302ed4184",
    "hash": "770ee0ceb4491dc884933027605f4cae6cda0657"
  },
  "C:\\Users\\vntjoig\\Studies\\SleepQualityAnalyzer\\src\\store\\reducers.js": {
    "path": "C:\\Users\\vntjoig\\Studies\\SleepQualityAnalyzer\\src\\store\\reducers.js",
    "statementMap": {},
    "fnMap": {},
    "branchMap": {},
    "s": {},
    "f": {},
    "b": {},
    "_coverageSchema": "43e27e138ebf9cfc5966b082cf9a028302ed4184",
    "hash": "e11830d569950fe030288c5f734add2bde6f2ca6"
  },
  "C:\\Users\\vntjoig\\Studies\\SleepQualityAnalyzer\\src\\store\\store.configuration.js": {
    "path": "C:\\Users\\vntjoig\\Studies\\SleepQualityAnalyzer\\src\\store\\store.configuration.js",
    "statementMap": {
      "0": {
        "start": {
          "line": 5,
          "column": 25
        },
        "end": {
          "line": 5,
          "column": 79
        }
      },
      "1": {
        "start": {
          "line": 7,
          "column": 21
        },
        "end": {
          "line": 10,
          "column": 1
        }
      }
    },
    "fnMap": {},
    "branchMap": {
      "0": {
        "loc": {
          "start": {
            "line": 5,
            "column": 25
          },
          "end": {
            "line": 5,
            "column": 79
          }
        },
        "type": "binary-expr",
        "locations": [
          {
            "start": {
              "line": 5,
              "column": 25
            },
            "end": {
              "line": 5,
              "column": 68
            }
          },
          {
            "start": {
              "line": 5,
              "column": 72
            },
            "end": {
              "line": 5,
              "column": 79
            }
          }
        ],
        "line": 5
      }
    },
    "s": {
      "0": 3,
      "1": 3
    },
    "f": {},
    "b": {
      "0": [
        3,
        3
      ]
    },
    "_coverageSchema": "43e27e138ebf9cfc5966b082cf9a028302ed4184",
    "hash": "1c43a34005908ffe00b821a63d3f7c53bd976c63"
  },
  "C:\\Users\\vntjoig\\Studies\\SleepQualityAnalyzer\\src\\index.js": {
    "path": "C:\\Users\\vntjoig\\Studies\\SleepQualityAnalyzer\\src\\index.js",
    "statementMap": {
      "0": {
        "start": {
          "line": 10,
          "column": 0
        },
        "end": {
          "line": 15,
          "column": 2
        }
      },
      "1": {
        "start": {
          "line": 20,
          "column": 0
        },
        "end": {
          "line": 20,
          "column": 27
        }
      }
    },
    "fnMap": {},
    "branchMap": {},
    "s": {
      "0": 3,
      "1": 3
    },
    "f": {},
    "b": {},
    "_coverageSchema": "43e27e138ebf9cfc5966b082cf9a028302ed4184",
    "hash": "18f2bbb95bbf41586903a25e9ad73bd73e0840ac"
  }
}